<?xml version="1.0"?>
<!--Phoronix Test Suite v5.6.0 (Dedilovo)-->
<?xml-stylesheet type="text/xsl" href="pts-results-viewer.xsl"?>
<PhoronixTestSuite>
  <Generated>
    <Title>gzip</Title>
    <LastModified>2015-05-11 19:36:29</LastModified>
    <TestClient>Phoronix Test Suite v5.6.0 (Dedilovo)</TestClient>
    <Description>gzip run - 6 cloud lab exercise - gzip - mpsp - unipi.gr</Description>
    <PreSetEnvironmentVariables></PreSetEnvironmentVariables>
  </Generated>
  <System>
    <Identifier>gzip-run-6</Identifier>
    <Hardware>Processor: Intel Xeon E5-2670 v2 @ 2.50GHz (2 Cores), Motherboard: Xen HVM domU, Chipset: Intel 440FX- 82441FX PMC, Memory: 8192MB, Disk: 25GB, Graphics: Cirrus Logic GD 5446</Hardware>
    <Software>OS: Ubuntu 14.04, Kernel: 3.13.0-48-generic (x86_64), Compiler: GCC 4.8.2, File-System: ext4, System Layer: Xen HVM domU 4.2.amazon</Software>
    <User>ubuntu</User>
    <TimeStamp>2015-05-11 19:36:29</TimeStamp>
    <TestClientVersion>5.6.0</TestClientVersion>
    <Notes></Notes>
  </System>
  <Result>
    <Identifier>pts/compress-gzip-1.1.0</Identifier>
    <Title>Gzip Compression</Title>
    <AppVersion></AppVersion>
    <Arguments></Arguments>
    <Description>2GB File Compression</Description>
    <Scale>Seconds</Scale>
    <Proportion>LIB</Proportion>
    <DisplayFormat>BAR_GRAPH</DisplayFormat>
    <Data>
      <Entry>
        <Identifier>gzip-run-6</Identifier>
        <Value>16.31</Value>
        <RawString>16.569020986557:16.224814891815:16.150884151459</RawString>
      </Entry>
    </Data>
  </Result>
</PhoronixTestSuite>
