<?xml version="1.0"?>
<!--Phoronix Test Suite v5.6.0 (Dedilovo)-->
<?xml-stylesheet type="text/xsl" href="pts-results-viewer.xsl"?>
<PhoronixTestSuite>
  <Generated>
    <Title>stream-bench</Title>
    <LastModified>2015-05-11 20:43:44</LastModified>
    <TestClient>Phoronix Test Suite v5.6.0 (Dedilovo)</TestClient>
    <Description>Running pts/stream-1.2.0 via the Phoronix Test Suite.</Description>
    <PreSetEnvironmentVariables></PreSetEnvironmentVariables>
  </Generated>
  <System>
    <Identifier>stream-run-3</Identifier>
    <Hardware>Processor: Intel Xeon E5-2670 v2 @ 2.50GHz (2 Cores), Motherboard: Xen HVM domU, Chipset: Intel 440FX- 82441FX PMC, Memory: 8192MB, Disk: 25GB, Graphics: Cirrus Logic GD 5446</Hardware>
    <Software>OS: Ubuntu 14.04, Kernel: 3.13.0-48-generic (x86_64), Compiler: GCC 4.8.2, File-System: ext4, System Layer: Xen HVM domU 4.2.amazon</Software>
    <User>ubuntu</User>
    <TimeStamp>2015-05-11 20:43:44</TimeStamp>
    <TestClientVersion>5.6.0</TestClientVersion>
    <Notes></Notes>
    <JSON>{"compiler-configuration":"--build=x86_64-linux-gnu --disable-browser-plugin --disable-libmudflap --disable-werror --enable-checking=release --enable-clocale=gnu --enable-gnu-unique-object --enable-gtk-cairo --enable-java-awt=gtk --enable-java-home --enable-languages=c,c++,java,go,d,fortran,objc,obj-c++ --enable-libstdcxx-debug --enable-libstdcxx-time=yes --enable-multiarch --enable-nls --enable-objc-gc --enable-plugin --enable-shared --enable-threads=posix --host=x86_64-linux-gnu --target=x86_64-linux-gnu --with-abi=m64 --with-arch-32=i686 --with-arch-directory=amd64 --with-multilib-list=m32,m64,mx32 --with-tune=generic -v"}</JSON>
  </System>
  <Result>
    <Identifier>pts/stream-1.2.0</Identifier>
    <Title>Stream</Title>
    <AppVersion>2013-01-17</AppVersion>
    <Arguments>Copy</Arguments>
    <Description>Type: Copy</Description>
    <Scale>MB/s</Scale>
    <Proportion>HIB</Proportion>
    <DisplayFormat>BAR_GRAPH</DisplayFormat>
    <Data>
      <Entry>
        <Identifier>stream-run-3</Identifier>
        <Value>10349.70</Value>
        <RawString>10324.6:10370.1:10323.2:10366.7:10398.3:10230.8:10322.5:10392.4:10418.7</RawString>
        <JSON>{"compiler-options":{"compiler-type":"CC","compiler":"gcc","compiler-options":"-O3 -march=native -fopenmp"}}</JSON>
      </Entry>
    </Data>
  </Result>
  <Result>
    <Identifier>pts/stream-1.2.0</Identifier>
    <Title>Stream</Title>
    <AppVersion>2013-01-17</AppVersion>
    <Arguments>Scale</Arguments>
    <Description>Type: Scale</Description>
    <Scale>MB/s</Scale>
    <Proportion>HIB</Proportion>
    <DisplayFormat>BAR_GRAPH</DisplayFormat>
    <Data>
      <Entry>
        <Identifier>stream-run-3</Identifier>
        <Value>10386.73</Value>
        <RawString>10403.7:10405.1:10405.9:10384.2:10473.2:10430.2:10206.7:10384.8</RawString>
        <JSON>{"compiler-options":{"compiler-type":"CC","compiler":"gcc","compiler-options":"-O3 -march=native -fopenmp"}}</JSON>
      </Entry>
    </Data>
  </Result>
  <Result>
    <Identifier>pts/stream-1.2.0</Identifier>
    <Title>Stream</Title>
    <AppVersion>2013-01-17</AppVersion>
    <Arguments>Triad</Arguments>
    <Description>Type: Triad</Description>
    <Scale>MB/s</Scale>
    <Proportion>HIB</Proportion>
    <DisplayFormat>BAR_GRAPH</DisplayFormat>
    <Data>
      <Entry>
        <Identifier>stream-run-3</Identifier>
        <Value>10945.70</Value>
        <RawString>10965.4:10964.4:11007.6:11015.2:10782.2:10995.6:10945.9:10889.3</RawString>
        <JSON>{"compiler-options":{"compiler-type":"CC","compiler":"gcc","compiler-options":"-O3 -march=native -fopenmp"}}</JSON>
      </Entry>
    </Data>
  </Result>
  <Result>
    <Identifier>pts/stream-1.2.0</Identifier>
    <Title>Stream</Title>
    <AppVersion>2013-01-17</AppVersion>
    <Arguments>Add</Arguments>
    <Description>Type: Add</Description>
    <Scale>MB/s</Scale>
    <Proportion>HIB</Proportion>
    <DisplayFormat>BAR_GRAPH</DisplayFormat>
    <Data>
      <Entry>
        <Identifier>stream-run-3</Identifier>
        <Value>10935.57</Value>
        <RawString>11020.7:10979.9:10966.5:10961.9:11017.3:10757.5:10863.1:10967.4:10885.8</RawString>
        <JSON>{"compiler-options":{"compiler-type":"CC","compiler":"gcc","compiler-options":"-O3 -march=native -fopenmp"}}</JSON>
      </Entry>
    </Data>
  </Result>
</PhoronixTestSuite>
