<?xml version="1.0"?>
<!--Phoronix Test Suite v5.6.0 (Dedilovo)-->
<?xml-stylesheet type="text/xsl" href="pts-results-viewer.xsl"?>
<PhoronixTestSuite>
  <Generated>
    <Title>threaded-last</Title>
    <LastModified>2015-05-18 21:09:03</LastModified>
    <TestClient>Phoronix Test Suite v5.6.0 (Dedilovo)</TestClient>
    <Description>Xen HVM domU 4.2.amazon testing on Ubuntu 14.04 via the Phoronix Test Suite.</Description>
    <PreSetEnvironmentVariables></PreSetEnvironmentVariables>
  </Generated>
  <System>
    <Identifier>threaded-last-unique</Identifier>
    <Hardware>Processor: Intel Xeon E5-2670 v2 @ 2.50GHz (2 Cores), Motherboard: Xen HVM domU, Chipset: Intel 440FX- 82441FX PMC, Memory: 4096MB, Disk: 25GB, Graphics: Cirrus Logic GD 5446</Hardware>
    <Software>OS: Ubuntu 14.04, Kernel: 3.13.0-48-generic (x86_64), Compiler: GCC 4.8.2, File-System: ext4, System Layer: Xen HVM domU 4.2.amazon</Software>
    <User>ubuntu</User>
    <TimeStamp>2015-05-18 21:09:03</TimeStamp>
    <TestClientVersion>5.6.0</TestClientVersion>
    <Notes>Disk Scheduler: DEADLINE.</Notes>
    <JSON>{"compiler-configuration":"--build=x86_64-linux-gnu --disable-browser-plugin --disable-libmudflap --disable-werror --enable-checking=release --enable-clocale=gnu --enable-gnu-unique-object --enable-gtk-cairo --enable-java-awt=gtk --enable-java-home --enable-languages=c,c++,java,go,d,fortran,objc,obj-c++ --enable-libstdcxx-debug --enable-libstdcxx-time=yes --enable-multiarch --enable-nls --enable-objc-gc --enable-plugin --enable-shared --enable-threads=posix --host=x86_64-linux-gnu --target=x86_64-linux-gnu --with-abi=m64 --with-arch-32=i686 --with-arch-directory=amd64 --with-multilib-list=m32,m64,mx32 --with-tune=generic -v","disk-scheduler":"DEADLINE","disk-mount-options":"data=ordered,discard,relatime,rw"}</JSON>
  </System>
  <Result>
    <Identifier>pts/tiobench-1.2.0</Identifier>
    <Title>Threaded I/O Tester</Title>
    <AppVersion>0.3.3</AppVersion>
    <Arguments>-k3 -k1 -f 32 -t 4</Arguments>
    <Description>Test: Read - Size Per Thread: 32MB - Thread Count: 4</Description>
    <Scale>MB/s</Scale>
    <Proportion>HIB</Proportion>
    <DisplayFormat>BAR_GRAPH</DisplayFormat>
    <Data>
      <Entry>
        <Identifier>threaded-last-unique</Identifier>
        <Value>6814.42</Value>
        <RawString>7045.354:6708.595:6689.313</RawString>
      </Entry>
    </Data>
  </Result>
  <Result>
    <Identifier>pts/tiobench-1.2.0</Identifier>
    <Title>Threaded I/O Tester</Title>
    <AppVersion>0.3.3</AppVersion>
    <Arguments>-k3 -k1 -f 32 -t 8</Arguments>
    <Description>Test: Read - Size Per Thread: 32MB - Thread Count: 8</Description>
    <Scale>MB/s</Scale>
    <Proportion>HIB</Proportion>
    <DisplayFormat>BAR_GRAPH</DisplayFormat>
    <Data>
      <Entry>
        <Identifier>threaded-last-unique</Identifier>
        <Value>6462.33</Value>
        <RawString>6558.049:6476.422:6352.515</RawString>
      </Entry>
    </Data>
  </Result>
  <Result>
    <Identifier>pts/tiobench-1.2.0</Identifier>
    <Title>Threaded I/O Tester</Title>
    <AppVersion>0.3.3</AppVersion>
    <Arguments>-k3 -k1 -f 64 -t 4</Arguments>
    <Description>Test: Read - Size Per Thread: 64MB - Thread Count: 4</Description>
    <Scale>MB/s</Scale>
    <Proportion>HIB</Proportion>
    <DisplayFormat>BAR_GRAPH</DisplayFormat>
    <Data>
      <Entry>
        <Identifier>threaded-last-unique</Identifier>
        <Value>6544.90</Value>
        <RawString>6518.971:6627.317:6488.405</RawString>
      </Entry>
    </Data>
  </Result>
  <Result>
    <Identifier>pts/tiobench-1.2.0</Identifier>
    <Title>Threaded I/O Tester</Title>
    <AppVersion>0.3.3</AppVersion>
    <Arguments>-k3 -k1 -f 64 -t 8</Arguments>
    <Description>Test: Read - Size Per Thread: 64MB - Thread Count: 8</Description>
    <Scale>MB/s</Scale>
    <Proportion>HIB</Proportion>
    <DisplayFormat>BAR_GRAPH</DisplayFormat>
    <Data>
      <Entry>
        <Identifier>threaded-last-unique</Identifier>
        <Value>6644.49</Value>
        <RawString>6608.413:6689.051:6635.992</RawString>
      </Entry>
    </Data>
  </Result>
  <Result>
    <Identifier>pts/tiobench-1.2.0</Identifier>
    <Title>Threaded I/O Tester</Title>
    <AppVersion>0.3.3</AppVersion>
    <Arguments>-k3 -k1 -f 128 -t 4</Arguments>
    <Description>Test: Read - Size Per Thread: 128MB - Thread Count: 4</Description>
    <Scale>MB/s</Scale>
    <Proportion>HIB</Proportion>
    <DisplayFormat>BAR_GRAPH</DisplayFormat>
    <Data>
      <Entry>
        <Identifier>threaded-last-unique</Identifier>
        <Value>6827.31</Value>
        <RawString>6762.29:6791.352:6928.281</RawString>
      </Entry>
    </Data>
  </Result>
  <Result>
    <Identifier>pts/tiobench-1.2.0</Identifier>
    <Title>Threaded I/O Tester</Title>
    <AppVersion>0.3.3</AppVersion>
    <Arguments>-k3 -k1 -f 128 -t 8</Arguments>
    <Description>Test: Read - Size Per Thread: 128MB - Thread Count: 8</Description>
    <Scale>MB/s</Scale>
    <Proportion>HIB</Proportion>
    <DisplayFormat>BAR_GRAPH</DisplayFormat>
    <Data>
      <Entry>
        <Identifier>threaded-last-unique</Identifier>
        <Value>6832.99</Value>
        <RawString>6832.816:6763.094:6903.061</RawString>
      </Entry>
    </Data>
  </Result>
  <Result>
    <Identifier>pts/tiobench-1.2.0</Identifier>
    <Title>Threaded I/O Tester</Title>
    <AppVersion>0.3.3</AppVersion>
    <Arguments>-k3 -k1 -f 256 -t 4</Arguments>
    <Description>Test: Read - Size Per Thread: 256MB - Thread Count: 4</Description>
    <Scale>MB/s</Scale>
    <Proportion>HIB</Proportion>
    <DisplayFormat>BAR_GRAPH</DisplayFormat>
    <Data>
      <Entry>
        <Identifier>threaded-last-unique</Identifier>
        <Value>7084.35</Value>
        <RawString>7188.235:7049.283:7015.525</RawString>
      </Entry>
    </Data>
  </Result>
  <Result>
    <Identifier>pts/tiobench-1.2.0</Identifier>
    <Title>Threaded I/O Tester</Title>
    <AppVersion>0.3.3</AppVersion>
    <Arguments>-k3 -k1 -f 256 -t 8</Arguments>
    <Description>Test: Read - Size Per Thread: 256MB - Thread Count: 8</Description>
    <Scale>MB/s</Scale>
    <Proportion>HIB</Proportion>
    <DisplayFormat>BAR_GRAPH</DisplayFormat>
    <Data>
      <Entry>
        <Identifier>threaded-last-unique</Identifier>
        <Value>7002.54</Value>
        <RawString>7050.181:6921.491:7035.939</RawString>
      </Entry>
    </Data>
  </Result>
  <Result>
    <Identifier>pts/tiobench-1.2.0</Identifier>
    <Title>Threaded I/O Tester</Title>
    <AppVersion>0.3.3</AppVersion>
    <Arguments>-k3 -k1 -f 32 -t 16</Arguments>
    <Description>Test: Read - Size Per Thread: 32MB - Thread Count: 16</Description>
    <Scale>MB/s</Scale>
    <Proportion>HIB</Proportion>
    <DisplayFormat>BAR_GRAPH</DisplayFormat>
    <Data>
      <Entry>
        <Identifier>threaded-last-unique</Identifier>
        <Value>6384.56</Value>
        <RawString>6267.52:6531.529:6354.644</RawString>
      </Entry>
    </Data>
  </Result>
  <Result>
    <Identifier>pts/tiobench-1.2.0</Identifier>
    <Title>Threaded I/O Tester</Title>
    <AppVersion>0.3.3</AppVersion>
    <Arguments>-k3 -k1 -f 32 -t 32</Arguments>
    <Description>Test: Read - Size Per Thread: 32MB - Thread Count: 32</Description>
    <Scale>MB/s</Scale>
    <Proportion>HIB</Proportion>
    <DisplayFormat>BAR_GRAPH</DisplayFormat>
    <Data>
      <Entry>
        <Identifier>threaded-last-unique</Identifier>
        <Value>6363.13</Value>
        <RawString>6386.548:6327.901:6374.939</RawString>
      </Entry>
    </Data>
  </Result>
  <Result>
    <Identifier>pts/tiobench-1.2.0</Identifier>
    <Title>Threaded I/O Tester</Title>
    <AppVersion>0.3.3</AppVersion>
    <Arguments>-k3 -k1 -f 64 -t 16</Arguments>
    <Description>Test: Read - Size Per Thread: 64MB - Thread Count: 16</Description>
    <Scale>MB/s</Scale>
    <Proportion>HIB</Proportion>
    <DisplayFormat>BAR_GRAPH</DisplayFormat>
    <Data>
      <Entry>
        <Identifier>threaded-last-unique</Identifier>
        <Value>6533.57</Value>
        <RawString>6415.156:6666.97:6518.598</RawString>
      </Entry>
    </Data>
  </Result>
  <Result>
    <Identifier>pts/tiobench-1.2.0</Identifier>
    <Title>Threaded I/O Tester</Title>
    <AppVersion>0.3.3</AppVersion>
    <Arguments>-k3 -k1 -f 64 -t 32</Arguments>
    <Description>Test: Read - Size Per Thread: 64MB - Thread Count: 32</Description>
    <Scale>MB/s</Scale>
    <Proportion>HIB</Proportion>
    <DisplayFormat>BAR_GRAPH</DisplayFormat>
    <Data>
      <Entry>
        <Identifier>threaded-last-unique</Identifier>
        <Value>6297.23</Value>
        <RawString>6287.686:6416.482:6187.517</RawString>
      </Entry>
    </Data>
  </Result>
  <Result>
    <Identifier>pts/tiobench-1.2.0</Identifier>
    <Title>Threaded I/O Tester</Title>
    <AppVersion>0.3.3</AppVersion>
    <Arguments>-k3 -k2 -k1 -f 32 -t 4</Arguments>
    <Description>Test: Write - Size Per Thread: 32MB - Thread Count: 4</Description>
    <Scale>MB/s</Scale>
    <Proportion>HIB</Proportion>
    <DisplayFormat>BAR_GRAPH</DisplayFormat>
    <Data>
      <Entry>
        <Identifier>threaded-last-unique</Identifier>
        <Value>0.23</Value>
        <RawString>0.234:0.231:0.231</RawString>
      </Entry>
    </Data>
  </Result>
  <Result>
    <Identifier>pts/tiobench-1.2.0</Identifier>
    <Title>Threaded I/O Tester</Title>
    <AppVersion>0.3.3</AppVersion>
    <Arguments>-k3 -k2 -k1 -f 32 -t 8</Arguments>
    <Description>Test: Write - Size Per Thread: 32MB - Thread Count: 8</Description>
    <Scale>MB/s</Scale>
    <Proportion>HIB</Proportion>
    <DisplayFormat>BAR_GRAPH</DisplayFormat>
    <Data>
      <Entry>
        <Identifier>threaded-last-unique</Identifier>
        <Value>0.25</Value>
        <RawString>0.249:0.248:0.248</RawString>
      </Entry>
    </Data>
  </Result>
  <Result>
    <Identifier>pts/tiobench-1.2.0</Identifier>
    <Title>Threaded I/O Tester</Title>
    <AppVersion>0.3.3</AppVersion>
    <Arguments>-k3 -k2 -k1 -f 64 -t 4</Arguments>
    <Description>Test: Write - Size Per Thread: 64MB - Thread Count: 4</Description>
    <Scale>MB/s</Scale>
    <Proportion>HIB</Proportion>
    <DisplayFormat>BAR_GRAPH</DisplayFormat>
    <Data>
      <Entry>
        <Identifier>threaded-last-unique</Identifier>
        <Value>0.23</Value>
        <RawString>0.231:0.231:0.231</RawString>
      </Entry>
    </Data>
  </Result>
  <Result>
    <Identifier>pts/tiobench-1.2.0</Identifier>
    <Title>Threaded I/O Tester</Title>
    <AppVersion>0.3.3</AppVersion>
    <Arguments>-k3 -k2 -k1 -f 64 -t 8</Arguments>
    <Description>Test: Write - Size Per Thread: 64MB - Thread Count: 8</Description>
    <Scale>MB/s</Scale>
    <Proportion>HIB</Proportion>
    <DisplayFormat>BAR_GRAPH</DisplayFormat>
    <Data>
      <Entry>
        <Identifier>threaded-last-unique</Identifier>
        <Value>0.25</Value>
        <RawString>0.248:0.248:0.247</RawString>
      </Entry>
    </Data>
  </Result>
  <Result>
    <Identifier>pts/tiobench-1.2.0</Identifier>
    <Title>Threaded I/O Tester</Title>
    <AppVersion>0.3.3</AppVersion>
    <Arguments>-k3 -k1 -f 128 -t 16</Arguments>
    <Description>Test: Read - Size Per Thread: 128MB - Thread Count: 16</Description>
    <Scale>MB/s</Scale>
    <Proportion>HIB</Proportion>
    <DisplayFormat>BAR_GRAPH</DisplayFormat>
    <Data>
      <Entry>
        <Identifier>threaded-last-unique</Identifier>
        <Value>6475.52</Value>
        <RawString>6526.679:6376.725:6523.166</RawString>
      </Entry>
    </Data>
  </Result>
  <Result>
    <Identifier>pts/tiobench-1.2.0</Identifier>
    <Title>Threaded I/O Tester</Title>
    <AppVersion>0.3.3</AppVersion>
    <Arguments>-k3 -k1 -f 128 -t 32</Arguments>
    <Description>Test: Read - Size Per Thread: 128MB - Thread Count: 32</Description>
    <Scale>MB/s</Scale>
    <Proportion>HIB</Proportion>
    <DisplayFormat>BAR_GRAPH</DisplayFormat>
    <Data>
      <Entry>
        <Identifier>threaded-last-unique</Identifier>
        <Value>3.20</Value>
        <RawString>3.195:3.198:3.197</RawString>
      </Entry>
    </Data>
  </Result>
  <Result>
    <Identifier>pts/tiobench-1.2.0</Identifier>
    <Title>Threaded I/O Tester</Title>
    <AppVersion>0.3.3</AppVersion>
    <Arguments>-k3 -k1 -f 256 -t 16</Arguments>
    <Description>Test: Read - Size Per Thread: 256MB - Thread Count: 16</Description>
    <Scale>MB/s</Scale>
    <Proportion>HIB</Proportion>
    <DisplayFormat>BAR_GRAPH</DisplayFormat>
    <Data>
      <Entry>
        <Identifier>threaded-last-unique</Identifier>
        <Value>3.20</Value>
        <RawString>3.202:3.205:3.206</RawString>
      </Entry>
    </Data>
  </Result>
  <Result>
    <Identifier>pts/tiobench-1.2.0</Identifier>
    <Title>Threaded I/O Tester</Title>
    <AppVersion>0.3.3</AppVersion>
    <Arguments>-k3 -k1 -f 256 -t 32</Arguments>
    <Description>Test: Read - Size Per Thread: 256MB - Thread Count: 32</Description>
    <Scale>MB/s</Scale>
    <Proportion>HIB</Proportion>
    <DisplayFormat>BAR_GRAPH</DisplayFormat>
    <Data>
      <Entry>
        <Identifier>threaded-last-unique</Identifier>
        <Value>3.20</Value>
        <RawString>3.195:3.196:3.195</RawString>
      </Entry>
    </Data>
  </Result>
  <Result>
    <Identifier>pts/tiobench-1.2.0</Identifier>
    <Title>Threaded I/O Tester</Title>
    <AppVersion>0.3.3</AppVersion>
    <Arguments>-k3 -k2 -k1 -f 128 -t 4</Arguments>
    <Description>Test: Write - Size Per Thread: 128MB - Thread Count: 4</Description>
    <Scale>MB/s</Scale>
    <Proportion>HIB</Proportion>
    <DisplayFormat>BAR_GRAPH</DisplayFormat>
    <Data>
      <Entry>
        <Identifier>threaded-last-unique</Identifier>
        <Value>0.23</Value>
        <RawString>0.231:0.23:0.23</RawString>
      </Entry>
    </Data>
  </Result>
  <Result>
    <Identifier>pts/tiobench-1.2.0</Identifier>
    <Title>Threaded I/O Tester</Title>
    <AppVersion>0.3.3</AppVersion>
    <Arguments>-k3 -k2 -k1 -f 128 -t 8</Arguments>
    <Description>Test: Write - Size Per Thread: 128MB - Thread Count: 8</Description>
    <Scale>MB/s</Scale>
    <Proportion>HIB</Proportion>
    <DisplayFormat>BAR_GRAPH</DisplayFormat>
    <Data>
      <Entry>
        <Identifier>threaded-last-unique</Identifier>
        <Value>0.25</Value>
        <RawString>0.248:0.248:0.248</RawString>
      </Entry>
    </Data>
  </Result>
  <Result>
    <Identifier>pts/tiobench-1.2.0</Identifier>
    <Title>Threaded I/O Tester</Title>
    <AppVersion>0.3.3</AppVersion>
    <Arguments>-k3 -k2 -k1 -f 256 -t 4</Arguments>
    <Description>Test: Write - Size Per Thread: 256MB - Thread Count: 4</Description>
    <Scale>MB/s</Scale>
    <Proportion>HIB</Proportion>
    <DisplayFormat>BAR_GRAPH</DisplayFormat>
    <Data>
      <Entry>
        <Identifier>threaded-last-unique</Identifier>
        <Value>0.23</Value>
        <RawString>0.23:0.23:0.23</RawString>
      </Entry>
    </Data>
  </Result>
  <Result>
    <Identifier>pts/tiobench-1.2.0</Identifier>
    <Title>Threaded I/O Tester</Title>
    <AppVersion>0.3.3</AppVersion>
    <Arguments>-k3 -k2 -k1 -f 256 -t 8</Arguments>
    <Description>Test: Write - Size Per Thread: 256MB - Thread Count: 8</Description>
    <Scale>MB/s</Scale>
    <Proportion>HIB</Proportion>
    <DisplayFormat>BAR_GRAPH</DisplayFormat>
    <Data>
      <Entry>
        <Identifier>threaded-last-unique</Identifier>
        <Value>0.24</Value>
        <RawString>0.244:0.244:0.244</RawString>
      </Entry>
    </Data>
  </Result>
  <Result>
    <Identifier>pts/tiobench-1.2.0</Identifier>
    <Title>Threaded I/O Tester</Title>
    <AppVersion>0.3.3</AppVersion>
    <Arguments>-k3 -k2 -k1 -f 32 -t 16</Arguments>
    <Description>Test: Write - Size Per Thread: 32MB - Thread Count: 16</Description>
    <Scale>MB/s</Scale>
    <Proportion>HIB</Proportion>
    <DisplayFormat>BAR_GRAPH</DisplayFormat>
    <Data>
      <Entry>
        <Identifier>threaded-last-unique</Identifier>
        <Value>0.25</Value>
        <RawString>0.254:0.254:0.254</RawString>
      </Entry>
    </Data>
  </Result>
  <Result>
    <Identifier>pts/tiobench-1.2.0</Identifier>
    <Title>Threaded I/O Tester</Title>
    <AppVersion>0.3.3</AppVersion>
    <Arguments>-k3 -k2 -k1 -f 32 -t 32</Arguments>
    <Description>Test: Write - Size Per Thread: 32MB - Thread Count: 32</Description>
    <Scale>MB/s</Scale>
    <Proportion>HIB</Proportion>
    <DisplayFormat>BAR_GRAPH</DisplayFormat>
    <Data>
      <Entry>
        <Identifier>threaded-last-unique</Identifier>
        <Value>0.26</Value>
        <RawString>0.26:0.26:0.26</RawString>
      </Entry>
    </Data>
  </Result>
  <Result>
    <Identifier>pts/tiobench-1.2.0</Identifier>
    <Title>Threaded I/O Tester</Title>
    <AppVersion>0.3.3</AppVersion>
    <Arguments>-k3 -k2 -k1 -f 64 -t 16</Arguments>
    <Description>Test: Write - Size Per Thread: 64MB - Thread Count: 16</Description>
    <Scale>MB/s</Scale>
    <Proportion>HIB</Proportion>
    <DisplayFormat>BAR_GRAPH</DisplayFormat>
    <Data>
      <Entry>
        <Identifier>threaded-last-unique</Identifier>
        <Value>0.25</Value>
        <RawString>0.25:0.25:0.251</RawString>
      </Entry>
    </Data>
  </Result>
  <Result>
    <Identifier>pts/tiobench-1.2.0</Identifier>
    <Title>Threaded I/O Tester</Title>
    <AppVersion>0.3.3</AppVersion>
    <Arguments>-k3 -k2 -k1 -f 64 -t 32</Arguments>
    <Description>Test: Write - Size Per Thread: 64MB - Thread Count: 32</Description>
    <Scale>MB/s</Scale>
    <Proportion>HIB</Proportion>
    <DisplayFormat>BAR_GRAPH</DisplayFormat>
    <Data>
      <Entry>
        <Identifier>threaded-last-unique</Identifier>
        <Value>0.26</Value>
        <RawString>0.26:0.26:0.26</RawString>
      </Entry>
    </Data>
  </Result>
  <Result>
    <Identifier>pts/tiobench-1.2.0</Identifier>
    <Title>Threaded I/O Tester</Title>
    <AppVersion>0.3.3</AppVersion>
    <Arguments>-k3 -k2 -k1 -f 128 -t 16</Arguments>
    <Description>Test: Write - Size Per Thread: 128MB - Thread Count: 16</Description>
    <Scale>MB/s</Scale>
    <Proportion>HIB</Proportion>
    <DisplayFormat>BAR_GRAPH</DisplayFormat>
    <Data>
      <Entry>
        <Identifier>threaded-last-unique</Identifier>
        <Value>0.25</Value>
        <RawString>0.253:0.253:0.252</RawString>
      </Entry>
    </Data>
  </Result>
  <Result>
    <Identifier>pts/tiobench-1.2.0</Identifier>
    <Title>Threaded I/O Tester</Title>
    <AppVersion>0.3.3</AppVersion>
    <Arguments>-k3 -k2 -k1 -f 128 -t 32</Arguments>
    <Description>Test: Write - Size Per Thread: 128MB - Thread Count: 32</Description>
    <Scale>MB/s</Scale>
    <Proportion>HIB</Proportion>
    <DisplayFormat>BAR_GRAPH</DisplayFormat>
    <Data>
      <Entry>
        <Identifier>threaded-last-unique</Identifier>
        <Value>0.26</Value>
        <RawString>0.26:0.259:0.26</RawString>
      </Entry>
    </Data>
  </Result>
  <Result>
    <Identifier>pts/tiobench-1.2.0</Identifier>
    <Title>Threaded I/O Tester</Title>
    <AppVersion>0.3.3</AppVersion>
    <Arguments>-k3 -k2 -k1 -f 256 -t 16</Arguments>
    <Description>Test: Write - Size Per Thread: 256MB - Thread Count: 16</Description>
    <Scale>MB/s</Scale>
    <Proportion>HIB</Proportion>
    <DisplayFormat>BAR_GRAPH</DisplayFormat>
    <Data>
      <Entry>
        <Identifier>threaded-last-unique</Identifier>
        <Value>0.25</Value>
        <RawString>0.251:0.251:0.252</RawString>
      </Entry>
    </Data>
  </Result>
  <Result>
    <Identifier>pts/tiobench-1.2.0</Identifier>
    <Title>Threaded I/O Tester</Title>
    <AppVersion>0.3.3</AppVersion>
    <Arguments>-k3 -k2 -k1 -f 256 -t 32</Arguments>
    <Description>Test: Write - Size Per Thread: 256MB - Thread Count: 32</Description>
    <Scale>MB/s</Scale>
    <Proportion>HIB</Proportion>
    <DisplayFormat>BAR_GRAPH</DisplayFormat>
    <Data>
      <Entry>
        <Identifier>threaded-last-unique</Identifier>
        <Value>0.26</Value>
        <RawString>0.26:0.26:0.26</RawString>
      </Entry>
    </Data>
  </Result>
  <Result>
    <Identifier>pts/tiobench-1.2.0</Identifier>
    <Title>Threaded I/O Tester</Title>
    <AppVersion>0.3.3</AppVersion>
    <Arguments>-k2 -k1 -f 32 -t 4</Arguments>
    <Description>Test: Random Read - Size Per Thread: 32MB - Thread Count: 4</Description>
    <Scale>MB/s</Scale>
    <Proportion>HIB</Proportion>
    <DisplayFormat>BAR_GRAPH</DisplayFormat>
    <Data>
      <Entry>
        <Identifier>threaded-last-unique</Identifier>
        <Value>5015.31</Value>
        <RawString>5084.608:5084.608:4876.717</RawString>
      </Entry>
    </Data>
  </Result>
  <Result>
    <Identifier>pts/tiobench-1.2.0</Identifier>
    <Title>Threaded I/O Tester</Title>
    <AppVersion>0.3.3</AppVersion>
    <Arguments>-k2 -k1 -f 32 -t 8</Arguments>
    <Description>Test: Random Read - Size Per Thread: 32MB - Thread Count: 8</Description>
    <Scale>MB/s</Scale>
    <Proportion>HIB</Proportion>
    <DisplayFormat>BAR_GRAPH</DisplayFormat>
    <Data>
      <Entry>
        <Identifier>threaded-last-unique</Identifier>
        <Value>4871.43</Value>
        <RawString>4885.866:4908.12:4820.299</RawString>
      </Entry>
    </Data>
  </Result>
  <Result>
    <Identifier>pts/tiobench-1.2.0</Identifier>
    <Title>Threaded I/O Tester</Title>
    <AppVersion>0.3.3</AppVersion>
    <Arguments>-k2 -k1 -f 64 -t 4</Arguments>
    <Description>Test: Random Read - Size Per Thread: 64MB - Thread Count: 4</Description>
    <Scale>MB/s</Scale>
    <Proportion>HIB</Proportion>
    <DisplayFormat>BAR_GRAPH</DisplayFormat>
    <Data>
      <Entry>
        <Identifier>threaded-last-unique</Identifier>
        <Value>4739.96</Value>
        <RawString>4930.577:4731.981:4540.831:4756.469</RawString>
      </Entry>
    </Data>
  </Result>
  <Result>
    <Identifier>pts/tiobench-1.2.0</Identifier>
    <Title>Threaded I/O Tester</Title>
    <AppVersion>0.3.3</AppVersion>
    <Arguments>-k2 -k1 -f 64 -t 8</Arguments>
    <Description>Test: Random Read - Size Per Thread: 64MB - Thread Count: 8</Description>
    <Scale>MB/s</Scale>
    <Proportion>HIB</Proportion>
    <DisplayFormat>BAR_GRAPH</DisplayFormat>
    <Data>
      <Entry>
        <Identifier>threaded-last-unique</Identifier>
        <Value>4781.49</Value>
        <RawString>4829.985:4801.782:4712.713</RawString>
      </Entry>
    </Data>
  </Result>
  <Result>
    <Identifier>pts/tiobench-1.2.0</Identifier>
    <Title>Threaded I/O Tester</Title>
    <AppVersion>0.3.3</AppVersion>
    <Arguments>-k2 -k1 -f 128 -t 4</Arguments>
    <Description>Test: Random Read - Size Per Thread: 128MB - Thread Count: 4</Description>
    <Scale>MB/s</Scale>
    <Proportion>HIB</Proportion>
    <DisplayFormat>BAR_GRAPH</DisplayFormat>
    <Data>
      <Entry>
        <Identifier>threaded-last-unique</Identifier>
        <Value>4714.15</Value>
        <RawString>4417.586:4837.461:4887.394</RawString>
      </Entry>
    </Data>
  </Result>
  <Result>
    <Identifier>pts/tiobench-1.2.0</Identifier>
    <Title>Threaded I/O Tester</Title>
    <AppVersion>0.3.3</AppVersion>
    <Arguments>-k2 -k1 -f 128 -t 8</Arguments>
    <Description>Test: Random Read - Size Per Thread: 128MB - Thread Count: 8</Description>
    <Scale>MB/s</Scale>
    <Proportion>HIB</Proportion>
    <DisplayFormat>BAR_GRAPH</DisplayFormat>
    <Data>
      <Entry>
        <Identifier>threaded-last-unique</Identifier>
        <Value>4620.50</Value>
        <RawString>4538.193:4608.465:4714.846</RawString>
      </Entry>
    </Data>
  </Result>
  <Result>
    <Identifier>pts/tiobench-1.2.0</Identifier>
    <Title>Threaded I/O Tester</Title>
    <AppVersion>0.3.3</AppVersion>
    <Arguments>-k2 -k1 -f 256 -t 4</Arguments>
    <Description>Test: Random Read - Size Per Thread: 256MB - Thread Count: 4</Description>
    <Scale>MB/s</Scale>
    <Proportion>HIB</Proportion>
    <DisplayFormat>BAR_GRAPH</DisplayFormat>
    <Data>
      <Entry>
        <Identifier>threaded-last-unique</Identifier>
        <Value>4545.61</Value>
        <RawString>4596.94:4544.793:4495.109</RawString>
      </Entry>
    </Data>
  </Result>
  <Result>
    <Identifier>pts/tiobench-1.2.0</Identifier>
    <Title>Threaded I/O Tester</Title>
    <AppVersion>0.3.3</AppVersion>
    <Arguments>-k2 -k1 -f 256 -t 8</Arguments>
    <Description>Test: Random Read - Size Per Thread: 256MB - Thread Count: 8</Description>
    <Scale>MB/s</Scale>
    <Proportion>HIB</Proportion>
    <DisplayFormat>BAR_GRAPH</DisplayFormat>
    <Data>
      <Entry>
        <Identifier>threaded-last-unique</Identifier>
        <Value>4661.79</Value>
        <RawString>4752.129:4561.378:4671.849</RawString>
      </Entry>
    </Data>
  </Result>
  <Result>
    <Identifier>pts/tiobench-1.2.0</Identifier>
    <Title>Threaded I/O Tester</Title>
    <AppVersion>0.3.3</AppVersion>
    <Arguments>-k2 -k1 -f 32 -t 16</Arguments>
    <Description>Test: Random Read - Size Per Thread: 32MB - Thread Count: 16</Description>
    <Scale>MB/s</Scale>
    <Proportion>HIB</Proportion>
    <DisplayFormat>BAR_GRAPH</DisplayFormat>
    <Data>
      <Entry>
        <Identifier>threaded-last-unique</Identifier>
        <Value>4829.90</Value>
        <RawString>4739.157:4787.071:4963.469</RawString>
      </Entry>
    </Data>
  </Result>
  <Result>
    <Identifier>pts/tiobench-1.2.0</Identifier>
    <Title>Threaded I/O Tester</Title>
    <AppVersion>0.3.3</AppVersion>
    <Arguments>-k2 -k1 -f 32 -t 32</Arguments>
    <Description>Test: Random Read - Size Per Thread: 32MB - Thread Count: 32</Description>
    <Scale>MB/s</Scale>
    <Proportion>HIB</Proportion>
    <DisplayFormat>BAR_GRAPH</DisplayFormat>
    <Data>
      <Entry>
        <Identifier>threaded-last-unique</Identifier>
        <Value>4916.78</Value>
        <RawString>5107.461:4874.625:4768.262</RawString>
      </Entry>
    </Data>
  </Result>
  <Result>
    <Identifier>pts/tiobench-1.2.0</Identifier>
    <Title>Threaded I/O Tester</Title>
    <AppVersion>0.3.3</AppVersion>
    <Arguments>-k2 -k1 -f 64 -t 16</Arguments>
    <Description>Test: Random Read - Size Per Thread: 64MB - Thread Count: 16</Description>
    <Scale>MB/s</Scale>
    <Proportion>HIB</Proportion>
    <DisplayFormat>BAR_GRAPH</DisplayFormat>
    <Data>
      <Entry>
        <Identifier>threaded-last-unique</Identifier>
        <Value>4716.85</Value>
        <RawString>4665.572:4778.287:4706.68</RawString>
      </Entry>
    </Data>
  </Result>
  <Result>
    <Identifier>pts/tiobench-1.2.0</Identifier>
    <Title>Threaded I/O Tester</Title>
    <AppVersion>0.3.3</AppVersion>
    <Arguments>-k2 -k1 -f 64 -t 32</Arguments>
    <Description>Test: Random Read - Size Per Thread: 64MB - Thread Count: 32</Description>
    <Scale>MB/s</Scale>
    <Proportion>HIB</Proportion>
    <DisplayFormat>BAR_GRAPH</DisplayFormat>
    <Data>
      <Entry>
        <Identifier>threaded-last-unique</Identifier>
        <Value>4804.52</Value>
        <RawString>4788.171:4879.572:4745.814</RawString>
      </Entry>
    </Data>
  </Result>
  <Result>
    <Identifier>pts/tiobench-1.2.0</Identifier>
    <Title>Threaded I/O Tester</Title>
    <AppVersion>0.3.3</AppVersion>
    <Arguments>-k3 -k2 -f 32 -t 4</Arguments>
    <Description>Test: Random Write - Size Per Thread: 32MB - Thread Count: 4</Description>
    <Scale>MB/s</Scale>
    <Proportion>HIB</Proportion>
    <DisplayFormat>BAR_GRAPH</DisplayFormat>
    <Data>
      <Entry>
        <Identifier>threaded-last-unique</Identifier>
        <Value>0.20</Value>
        <RawString>0.198:0.198:0.198</RawString>
      </Entry>
    </Data>
  </Result>
  <Result>
    <Identifier>pts/tiobench-1.2.0</Identifier>
    <Title>Threaded I/O Tester</Title>
    <AppVersion>0.3.3</AppVersion>
    <Arguments>-k3 -k2 -f 32 -t 8</Arguments>
    <Description>Test: Random Write - Size Per Thread: 32MB - Thread Count: 8</Description>
    <Scale>MB/s</Scale>
    <Proportion>HIB</Proportion>
    <DisplayFormat>BAR_GRAPH</DisplayFormat>
    <Data>
      <Entry>
        <Identifier>threaded-last-unique</Identifier>
        <Value>0.24</Value>
        <RawString>0.236:0.236:0.236</RawString>
      </Entry>
    </Data>
  </Result>
  <Result>
    <Identifier>pts/tiobench-1.2.0</Identifier>
    <Title>Threaded I/O Tester</Title>
    <AppVersion>0.3.3</AppVersion>
    <Arguments>-k3 -k2 -f 64 -t 4</Arguments>
    <Description>Test: Random Write - Size Per Thread: 64MB - Thread Count: 4</Description>
    <Scale>MB/s</Scale>
    <Proportion>HIB</Proportion>
    <DisplayFormat>BAR_GRAPH</DisplayFormat>
    <Data>
      <Entry>
        <Identifier>threaded-last-unique</Identifier>
        <Value>0.20</Value>
        <RawString>0.198:0.198:0.198</RawString>
      </Entry>
    </Data>
  </Result>
  <Result>
    <Identifier>pts/tiobench-1.2.0</Identifier>
    <Title>Threaded I/O Tester</Title>
    <AppVersion>0.3.3</AppVersion>
    <Arguments>-k3 -k2 -f 64 -t 8</Arguments>
    <Description>Test: Random Write - Size Per Thread: 64MB - Thread Count: 8</Description>
    <Scale>MB/s</Scale>
    <Proportion>HIB</Proportion>
    <DisplayFormat>BAR_GRAPH</DisplayFormat>
    <Data>
      <Entry>
        <Identifier>threaded-last-unique</Identifier>
        <Value>0.24</Value>
        <RawString>0.236:0.236:0.236</RawString>
      </Entry>
    </Data>
  </Result>
  <Result>
    <Identifier>pts/tiobench-1.2.0</Identifier>
    <Title>Threaded I/O Tester</Title>
    <AppVersion>0.3.3</AppVersion>
    <Arguments>-k2 -k1 -f 128 -t 16</Arguments>
    <Description>Test: Random Read - Size Per Thread: 128MB - Thread Count: 16</Description>
    <Scale>MB/s</Scale>
    <Proportion>HIB</Proportion>
    <DisplayFormat>BAR_GRAPH</DisplayFormat>
    <Data>
      <Entry>
        <Identifier>threaded-last-unique</Identifier>
        <Value>4732.99</Value>
        <RawString>4871.775:4540.501:4786.704</RawString>
      </Entry>
    </Data>
  </Result>
  <Result>
    <Identifier>pts/tiobench-1.2.0</Identifier>
    <Title>Threaded I/O Tester</Title>
    <AppVersion>0.3.3</AppVersion>
    <Arguments>-k2 -k1 -f 128 -t 32</Arguments>
    <Description>Test: Random Read - Size Per Thread: 128MB - Thread Count: 32</Description>
    <Scale>MB/s</Scale>
    <Proportion>HIB</Proportion>
    <DisplayFormat>BAR_GRAPH</DisplayFormat>
    <Data>
      <Entry>
        <Identifier>threaded-last-unique</Identifier>
        <Value>1.58</Value>
        <RawString>1.574:1.581:1.572</RawString>
      </Entry>
    </Data>
  </Result>
  <Result>
    <Identifier>pts/tiobench-1.2.0</Identifier>
    <Title>Threaded I/O Tester</Title>
    <AppVersion>0.3.3</AppVersion>
    <Arguments>-k2 -k1 -f 256 -t 16</Arguments>
    <Description>Test: Random Read - Size Per Thread: 256MB - Thread Count: 16</Description>
    <Scale>MB/s</Scale>
    <Proportion>HIB</Proportion>
    <DisplayFormat>BAR_GRAPH</DisplayFormat>
    <Data>
      <Entry>
        <Identifier>threaded-last-unique</Identifier>
        <Value>1.59</Value>
        <RawString>1.579:1.583:1.618</RawString>
      </Entry>
    </Data>
  </Result>
  <Result>
    <Identifier>pts/tiobench-1.2.0</Identifier>
    <Title>Threaded I/O Tester</Title>
    <AppVersion>0.3.3</AppVersion>
    <Arguments>-k2 -k1 -f 256 -t 32</Arguments>
    <Description>Test: Random Read - Size Per Thread: 256MB - Thread Count: 32</Description>
    <Scale>MB/s</Scale>
    <Proportion>HIB</Proportion>
    <DisplayFormat>BAR_GRAPH</DisplayFormat>
    <Data>
      <Entry>
        <Identifier>threaded-last-unique</Identifier>
        <Value>0.48</Value>
        <RawString>0.505:0.509:0.412</RawString>
      </Entry>
    </Data>
  </Result>
  <Result>
    <Identifier>pts/tiobench-1.2.0</Identifier>
    <Title>Threaded I/O Tester</Title>
    <AppVersion>0.3.3</AppVersion>
    <Arguments>-k3 -k2 -f 128 -t 4</Arguments>
    <Description>Test: Random Write - Size Per Thread: 128MB - Thread Count: 4</Description>
    <Scale>MB/s</Scale>
    <Proportion>HIB</Proportion>
    <DisplayFormat>BAR_GRAPH</DisplayFormat>
    <Data>
      <Entry>
        <Identifier>threaded-last-unique</Identifier>
        <Value>0.20</Value>
        <RawString>0.198:0.198:0.198</RawString>
      </Entry>
    </Data>
  </Result>
  <Result>
    <Identifier>pts/tiobench-1.2.0</Identifier>
    <Title>Threaded I/O Tester</Title>
    <AppVersion>0.3.3</AppVersion>
    <Arguments>-k3 -k2 -f 128 -t 8</Arguments>
    <Description>Test: Random Write - Size Per Thread: 128MB - Thread Count: 8</Description>
    <Scale>MB/s</Scale>
    <Proportion>HIB</Proportion>
    <DisplayFormat>BAR_GRAPH</DisplayFormat>
    <Data>
      <Entry>
        <Identifier>threaded-last-unique</Identifier>
        <Value>0.24</Value>
        <RawString>0.236:0.236:0.236</RawString>
      </Entry>
    </Data>
  </Result>
  <Result>
    <Identifier>pts/tiobench-1.2.0</Identifier>
    <Title>Threaded I/O Tester</Title>
    <AppVersion>0.3.3</AppVersion>
    <Arguments>-k3 -k2 -f 256 -t 4</Arguments>
    <Description>Test: Random Write - Size Per Thread: 256MB - Thread Count: 4</Description>
    <Scale>MB/s</Scale>
    <Proportion>HIB</Proportion>
    <DisplayFormat>BAR_GRAPH</DisplayFormat>
    <Data>
      <Entry>
        <Identifier>threaded-last-unique</Identifier>
        <Value>0.20</Value>
        <RawString>0.198:0.198:0.198</RawString>
      </Entry>
    </Data>
  </Result>
  <Result>
    <Identifier>pts/tiobench-1.2.0</Identifier>
    <Title>Threaded I/O Tester</Title>
    <AppVersion>0.3.3</AppVersion>
    <Arguments>-k3 -k2 -f 256 -t 8</Arguments>
    <Description>Test: Random Write - Size Per Thread: 256MB - Thread Count: 8</Description>
    <Scale>MB/s</Scale>
    <Proportion>HIB</Proportion>
    <DisplayFormat>BAR_GRAPH</DisplayFormat>
    <Data>
      <Entry>
        <Identifier>threaded-last-unique</Identifier>
        <Value>0.24</Value>
        <RawString>0.236:0.236:0.236</RawString>
      </Entry>
    </Data>
  </Result>
  <Result>
    <Identifier>pts/tiobench-1.2.0</Identifier>
    <Title>Threaded I/O Tester</Title>
    <AppVersion>0.3.3</AppVersion>
    <Arguments>-k3 -k2 -f 32 -t 16</Arguments>
    <Description>Test: Random Write - Size Per Thread: 32MB - Thread Count: 16</Description>
    <Scale>MB/s</Scale>
    <Proportion>HIB</Proportion>
    <DisplayFormat>BAR_GRAPH</DisplayFormat>
    <Data>
      <Entry>
        <Identifier>threaded-last-unique</Identifier>
        <Value>0.26</Value>
        <RawString>0.261:0.261:0.261</RawString>
      </Entry>
    </Data>
  </Result>
  <Result>
    <Identifier>pts/tiobench-1.2.0</Identifier>
    <Title>Threaded I/O Tester</Title>
    <AppVersion>0.3.3</AppVersion>
    <Arguments>-k3 -k2 -f 32 -t 32</Arguments>
    <Description>Test: Random Write - Size Per Thread: 32MB - Thread Count: 32</Description>
    <Scale>MB/s</Scale>
    <Proportion>HIB</Proportion>
    <DisplayFormat>BAR_GRAPH</DisplayFormat>
    <Data>
      <Entry>
        <Identifier>threaded-last-unique</Identifier>
        <Value>0.28</Value>
        <RawString>0.276:0.276:0.276</RawString>
      </Entry>
    </Data>
  </Result>
  <Result>
    <Identifier>pts/tiobench-1.2.0</Identifier>
    <Title>Threaded I/O Tester</Title>
    <AppVersion>0.3.3</AppVersion>
    <Arguments>-k3 -k2 -f 64 -t 16</Arguments>
    <Description>Test: Random Write - Size Per Thread: 64MB - Thread Count: 16</Description>
    <Scale>MB/s</Scale>
    <Proportion>HIB</Proportion>
    <DisplayFormat>BAR_GRAPH</DisplayFormat>
    <Data>
      <Entry>
        <Identifier>threaded-last-unique</Identifier>
        <Value>0.25</Value>
        <RawString>0.239:0.261:0.261</RawString>
      </Entry>
    </Data>
  </Result>
  <Result>
    <Identifier>pts/tiobench-1.2.0</Identifier>
    <Title>Threaded I/O Tester</Title>
    <AppVersion>0.3.3</AppVersion>
    <Arguments>-k3 -k2 -f 64 -t 32</Arguments>
    <Description>Test: Random Write - Size Per Thread: 64MB - Thread Count: 32</Description>
    <Scale>MB/s</Scale>
    <Proportion>HIB</Proportion>
    <DisplayFormat>BAR_GRAPH</DisplayFormat>
    <Data>
      <Entry>
        <Identifier>threaded-last-unique</Identifier>
        <Value>0.28</Value>
        <RawString>0.276:0.276:0.276</RawString>
      </Entry>
    </Data>
  </Result>
  <Result>
    <Identifier>pts/tiobench-1.2.0</Identifier>
    <Title>Threaded I/O Tester</Title>
    <AppVersion>0.3.3</AppVersion>
    <Arguments>-k3 -k2 -f 128 -t 16</Arguments>
    <Description>Test: Random Write - Size Per Thread: 128MB - Thread Count: 16</Description>
    <Scale>MB/s</Scale>
    <Proportion>HIB</Proportion>
    <DisplayFormat>BAR_GRAPH</DisplayFormat>
    <Data>
      <Entry>
        <Identifier>threaded-last-unique</Identifier>
        <Value>0.25</Value>
        <RawString>0.235:0.261:0.261</RawString>
      </Entry>
    </Data>
  </Result>
  <Result>
    <Identifier>pts/tiobench-1.2.0</Identifier>
    <Title>Threaded I/O Tester</Title>
    <AppVersion>0.3.3</AppVersion>
    <Arguments>-k3 -k2 -f 128 -t 32</Arguments>
    <Description>Test: Random Write - Size Per Thread: 128MB - Thread Count: 32</Description>
    <Scale>MB/s</Scale>
    <Proportion>HIB</Proportion>
    <DisplayFormat>BAR_GRAPH</DisplayFormat>
    <Data>
      <Entry>
        <Identifier>threaded-last-unique</Identifier>
        <Value>0.28</Value>
        <RawString>0.276:0.276:0.284</RawString>
      </Entry>
    </Data>
  </Result>
  <Result>
    <Identifier>pts/tiobench-1.2.0</Identifier>
    <Title>Threaded I/O Tester</Title>
    <AppVersion>0.3.3</AppVersion>
    <Arguments>-k3 -k2 -f 256 -t 16</Arguments>
    <Description>Test: Random Write - Size Per Thread: 256MB - Thread Count: 16</Description>
    <Scale>MB/s</Scale>
    <Proportion>HIB</Proportion>
    <DisplayFormat>BAR_GRAPH</DisplayFormat>
    <Data>
      <Entry>
        <Identifier>threaded-last-unique</Identifier>
        <Value>0.26</Value>
        <RawString>0.261:0.261:0.261</RawString>
      </Entry>
    </Data>
  </Result>
  <Result>
    <Identifier>pts/tiobench-1.2.0</Identifier>
    <Title>Threaded I/O Tester</Title>
    <AppVersion>0.3.3</AppVersion>
    <Arguments>-k3 -k2 -f 256 -t 32</Arguments>
    <Description>Test: Random Write - Size Per Thread: 256MB - Thread Count: 32</Description>
    <Scale>MB/s</Scale>
    <Proportion>HIB</Proportion>
    <DisplayFormat>BAR_GRAPH</DisplayFormat>
    <Data>
      <Entry>
        <Identifier>threaded-last-unique</Identifier>
        <Value>0.28</Value>
        <RawString>0.284:0.284:0.284</RawString>
      </Entry>
    </Data>
  </Result>
</PhoronixTestSuite>
