<?xml version="1.0"?>
<!--Phoronix Test Suite v5.6.0 (Dedilovo)-->
<?xml-stylesheet type="text/xsl" href="pts-results-viewer.xsl"?>
<PhoronixTestSuite>
  <Generated>
    <Title>stream-bench</Title>
    <LastModified>2015-05-12 06:28:24</LastModified>
    <TestClient>Phoronix Test Suite v5.6.0 (Dedilovo)</TestClient>
    <Description>Running pts/stream-1.2.0 via the Phoronix Test Suite.</Description>
    <PreSetEnvironmentVariables></PreSetEnvironmentVariables>
  </Generated>
  <System>
    <Identifier>stream-run-1</Identifier>
    <Hardware>Processor: Intel Xeon E5-2670 v2 @ 2.50GHz (1 Core), Motherboard: Xen HVM domU, Chipset: Intel 440FX- 82441FX PMC, Memory: 1024MB, Disk: 8GB, Graphics: Cirrus Logic GD 5446</Hardware>
    <Software>OS: Ubuntu 14.04, Kernel: 3.13.0-48-generic (x86_64), Compiler: GCC 4.8.2, File-System: ext4, System Layer: Xen HVM domU 4.2.amazon</Software>
    <User>ubuntu</User>
    <TimeStamp>2015-05-12 06:28:25</TimeStamp>
    <TestClientVersion>5.6.0</TestClientVersion>
    <Notes></Notes>
    <JSON>{"compiler-configuration":"--build=x86_64-linux-gnu --disable-browser-plugin --disable-libmudflap --disable-werror --enable-checking=release --enable-clocale=gnu --enable-gnu-unique-object --enable-gtk-cairo --enable-java-awt=gtk --enable-java-home --enable-languages=c,c++,java,go,d,fortran,objc,obj-c++ --enable-libstdcxx-debug --enable-libstdcxx-time=yes --enable-multiarch --enable-nls --enable-objc-gc --enable-plugin --enable-shared --enable-threads=posix --host=x86_64-linux-gnu --target=x86_64-linux-gnu --with-abi=m64 --with-arch-32=i686 --with-arch-directory=amd64 --with-multilib-list=m32,m64,mx32 --with-tune=generic -v"}</JSON>
  </System>
  <Result>
    <Identifier>pts/stream-1.2.0</Identifier>
    <Title>Stream</Title>
    <AppVersion>2013-01-17</AppVersion>
    <Arguments>Copy</Arguments>
    <Description>Type: Copy</Description>
    <Scale>MB/s</Scale>
    <Proportion>HIB</Proportion>
    <DisplayFormat>BAR_GRAPH</DisplayFormat>
    <Data>
      <Entry>
        <Identifier>stream-run-1</Identifier>
        <Value>1555.16</Value>
        <RawString>1303.4:1303.5:1304.4:1304.5:1304:1628.3:1626.2:1624.4:1627.4:1627.4:1630.1:1625.4:1624.6:1625:1628.2:1631.6:1683.1:1689.3:1685.8:1626.6</RawString>
        <JSON>{"compiler-options":{"compiler-type":"CC","compiler":"gcc","compiler-options":"-O3 -march=native -fopenmp"}}</JSON>
      </Entry>
    </Data>
  </Result>
  <Result>
    <Identifier>pts/stream-1.2.0</Identifier>
    <Title>Stream</Title>
    <AppVersion>2013-01-17</AppVersion>
    <Arguments>Scale</Arguments>
    <Description>Type: Scale</Description>
    <Scale>MB/s</Scale>
    <Proportion>HIB</Proportion>
    <DisplayFormat>BAR_GRAPH</DisplayFormat>
    <Data>
      <Entry>
        <Identifier>stream-run-1</Identifier>
        <Value>1447.20</Value>
        <RawString>1302.5:1302.5:1303.2:1304.8:1304.7:1625.2:1626.9:1629.9:1625.1</RawString>
        <JSON>{"compiler-options":{"compiler-type":"CC","compiler":"gcc","compiler-options":"-O3 -march=native -fopenmp"}}</JSON>
      </Entry>
    </Data>
  </Result>
  <Result>
    <Identifier>pts/stream-1.2.0</Identifier>
    <Title>Stream</Title>
    <AppVersion>2013-01-17</AppVersion>
    <Arguments>Triad</Arguments>
    <Description>Type: Triad</Description>
    <Scale>MB/s</Scale>
    <Proportion>HIB</Proportion>
    <DisplayFormat>BAR_GRAPH</DisplayFormat>
    <Data>
      <Entry>
        <Identifier>stream-run-1</Identifier>
        <Value>1672.24</Value>
        <RawString>1448.5:1450.2:1450.9:1807.9:1803.4:1805.9:1802.4:1808.7</RawString>
        <JSON>{"compiler-options":{"compiler-type":"CC","compiler":"gcc","compiler-options":"-O3 -march=native -fopenmp"}}</JSON>
      </Entry>
    </Data>
  </Result>
  <Result>
    <Identifier>pts/stream-1.2.0</Identifier>
    <Title>Stream</Title>
    <AppVersion>2013-01-17</AppVersion>
    <Arguments>Add</Arguments>
    <Description>Type: Add</Description>
    <Scale>MB/s</Scale>
    <Proportion>HIB</Proportion>
    <DisplayFormat>BAR_GRAPH</DisplayFormat>
    <Data>
      <Entry>
        <Identifier>stream-run-1</Identifier>
        <Value>1519.64</Value>
        <RawString>1448.7:1453.2:1452.5:1186.3:1803.2:1485.4:1808.2</RawString>
        <JSON>{"compiler-options":{"compiler-type":"CC","compiler":"gcc","compiler-options":"-O3 -march=native -fopenmp"}}</JSON>
      </Entry>
    </Data>
  </Result>
</PhoronixTestSuite>
