<?xml version="1.0"?>
<!--Phoronix Test Suite v5.6.0 (Dedilovo)-->
<?xml-stylesheet type="text/xsl" href="pts-results-viewer.xsl"?>
<PhoronixTestSuite>
  <Generated>
    <Title>stream-bench</Title>
    <LastModified>2015-05-12 06:26:39</LastModified>
    <TestClient>Phoronix Test Suite v5.6.0 (Dedilovo)</TestClient>
    <Description>Xen HVM domU 4.2.amazon testing on Ubuntu 14.04 via the Phoronix Test Suite.</Description>
    <PreSetEnvironmentVariables></PreSetEnvironmentVariables>
  </Generated>
  <System>
    <Identifier>stream-run-0</Identifier>
    <Hardware>Processor: Intel Xeon E5-2670 v2 @ 2.50GHz (1 Core), Motherboard: Xen HVM domU, Chipset: Intel 440FX- 82441FX PMC, Memory: 1024MB, Disk: 8GB, Graphics: Cirrus Logic GD 5446</Hardware>
    <Software>OS: Ubuntu 14.04, Kernel: 3.13.0-48-generic (x86_64), Compiler: GCC 4.8.2, File-System: ext4, System Layer: Xen HVM domU 4.2.amazon</Software>
    <User>ubuntu</User>
    <TimeStamp>2015-05-12 06:26:40</TimeStamp>
    <TestClientVersion>5.6.0</TestClientVersion>
    <Notes></Notes>
    <JSON>{"compiler-configuration":"--build=x86_64-linux-gnu --disable-browser-plugin --disable-libmudflap --disable-werror --enable-checking=release --enable-clocale=gnu --enable-gnu-unique-object --enable-gtk-cairo --enable-java-awt=gtk --enable-java-home --enable-languages=c,c++,java,go,d,fortran,objc,obj-c++ --enable-libstdcxx-debug --enable-libstdcxx-time=yes --enable-multiarch --enable-nls --enable-objc-gc --enable-plugin --enable-shared --enable-threads=posix --host=x86_64-linux-gnu --target=x86_64-linux-gnu --with-abi=m64 --with-arch-32=i686 --with-arch-directory=amd64 --with-multilib-list=m32,m64,mx32 --with-tune=generic -v"}</JSON>
  </System>
  <Result>
    <Identifier>pts/stream-1.2.0</Identifier>
    <Title>Stream</Title>
    <AppVersion>2013-01-17</AppVersion>
    <Arguments>Copy</Arguments>
    <Description>Type: Copy</Description>
    <Scale>MB/s</Scale>
    <Proportion>HIB</Proportion>
    <DisplayFormat>BAR_GRAPH</DisplayFormat>
    <Data>
      <Entry>
        <Identifier>stream-run-0</Identifier>
        <Value>1303.91</Value>
        <RawString>1301.2:1306.6:1301.8:1301.9:1304.8:1305.6:1303.5:1306.2:1306.3:1301.2</RawString>
        <JSON>{"compiler-options":{"compiler-type":"CC","compiler":"gcc","compiler-options":"-O3 -march=native -fopenmp"}}</JSON>
      </Entry>
    </Data>
  </Result>
  <Result>
    <Identifier>pts/stream-1.2.0</Identifier>
    <Title>Stream</Title>
    <AppVersion>2013-01-17</AppVersion>
    <Arguments>Scale</Arguments>
    <Description>Type: Scale</Description>
    <Scale>MB/s</Scale>
    <Proportion>HIB</Proportion>
    <DisplayFormat>BAR_GRAPH</DisplayFormat>
    <Data>
      <Entry>
        <Identifier>stream-run-0</Identifier>
        <Value>1304.00</Value>
        <RawString>1302.9:1304.1:1306.4:1303.6:1306.9:1303.7:1300.4</RawString>
        <JSON>{"compiler-options":{"compiler-type":"CC","compiler":"gcc","compiler-options":"-O3 -march=native -fopenmp"}}</JSON>
      </Entry>
    </Data>
  </Result>
  <Result>
    <Identifier>pts/stream-1.2.0</Identifier>
    <Title>Stream</Title>
    <AppVersion>2013-01-17</AppVersion>
    <Arguments>Triad</Arguments>
    <Description>Type: Triad</Description>
    <Scale>MB/s</Scale>
    <Proportion>HIB</Proportion>
    <DisplayFormat>BAR_GRAPH</DisplayFormat>
    <Data>
      <Entry>
        <Identifier>stream-run-0</Identifier>
        <Value>1384.28</Value>
        <RawString>1451.5:1449.5:1416.6:1187.2:1450.1:1449.9:1449.7:1219.7</RawString>
        <JSON>{"compiler-options":{"compiler-type":"CC","compiler":"gcc","compiler-options":"-O3 -march=native -fopenmp"}}</JSON>
      </Entry>
    </Data>
  </Result>
  <Result>
    <Identifier>pts/stream-1.2.0</Identifier>
    <Title>Stream</Title>
    <AppVersion>2013-01-17</AppVersion>
    <Arguments>Add</Arguments>
    <Description>Type: Add</Description>
    <Scale>MB/s</Scale>
    <Proportion>HIB</Proportion>
    <DisplayFormat>BAR_GRAPH</DisplayFormat>
    <Data>
      <Entry>
        <Identifier>stream-run-0</Identifier>
        <Value>1393.55</Value>
        <RawString>1414.4:1452.3:1442.6:1188.4:1450.7:1449.4:1450.1:1451.5:1447.7:1188.4</RawString>
        <JSON>{"compiler-options":{"compiler-type":"CC","compiler":"gcc","compiler-options":"-O3 -march=native -fopenmp"}}</JSON>
      </Entry>
    </Data>
  </Result>
</PhoronixTestSuite>
