<?xml version="1.0"?>
<!--Phoronix Test Suite v5.6.0 (Dedilovo)-->
<?xml-stylesheet type="text/xsl" href="pts-results-viewer.xsl"?>
<PhoronixTestSuite>
  <Generated>
    <Title>stream-bench</Title>
    <LastModified>2015-05-11 22:20:23</LastModified>
    <TestClient>Phoronix Test Suite v5.6.0 (Dedilovo)</TestClient>
    <Description>Running pts/stream-1.2.0 via the Phoronix Test Suite.</Description>
    <PreSetEnvironmentVariables></PreSetEnvironmentVariables>
  </Generated>
  <System>
    <Identifier>stream-run-8</Identifier>
    <Hardware>Processor: Intel Xeon E5-2670 v2 @ 2.50GHz (2 Cores), Motherboard: Xen HVM domU, Chipset: Intel 440FX- 82441FX PMC, Memory: 4096MB, Disk: 25GB, Graphics: Cirrus Logic GD 5446</Hardware>
    <Software>OS: Ubuntu 14.04, Kernel: 3.13.0-48-generic (x86_64), Compiler: GCC 4.8.2, File-System: ext4, System Layer: Xen HVM domU 4.2.amazon</Software>
    <User>ubuntu</User>
    <TimeStamp>2015-05-11 22:20:23</TimeStamp>
    <TestClientVersion>5.6.0</TestClientVersion>
    <Notes></Notes>
    <JSON>{"compiler-configuration":"--build=x86_64-linux-gnu --disable-browser-plugin --disable-libmudflap --disable-werror --enable-checking=release --enable-clocale=gnu --enable-gnu-unique-object --enable-gtk-cairo --enable-java-awt=gtk --enable-java-home --enable-languages=c,c++,java,go,d,fortran,objc,obj-c++ --enable-libstdcxx-debug --enable-libstdcxx-time=yes --enable-multiarch --enable-nls --enable-objc-gc --enable-plugin --enable-shared --enable-threads=posix --host=x86_64-linux-gnu --target=x86_64-linux-gnu --with-abi=m64 --with-arch-32=i686 --with-arch-directory=amd64 --with-multilib-list=m32,m64,mx32 --with-tune=generic -v"}</JSON>
  </System>
  <Result>
    <Identifier>pts/stream-1.2.0</Identifier>
    <Title>Stream</Title>
    <AppVersion>2013-01-17</AppVersion>
    <Arguments>Copy</Arguments>
    <Description>Type: Copy</Description>
    <Scale>MB/s</Scale>
    <Proportion>HIB</Proportion>
    <DisplayFormat>BAR_GRAPH</DisplayFormat>
    <Data>
      <Entry>
        <Identifier>stream-run-8</Identifier>
        <Value>13649.95</Value>
        <RawString>10198.1:10242.7:8032.9:20763.2:9960.8:9369.9:20819.9:10126.6:20882.1:20304.6:7441.5:7343.5:10451.3:7113.7:21127.3:21016.2:20085.9:19828.9:9661.4:8228.4</RawString>
        <JSON>{"compiler-options":{"compiler-type":"CC","compiler":"gcc","compiler-options":"-O3 -march=native -fopenmp"}}</JSON>
      </Entry>
    </Data>
  </Result>
  <Result>
    <Identifier>pts/stream-1.2.0</Identifier>
    <Title>Stream</Title>
    <AppVersion>2013-01-17</AppVersion>
    <Arguments>Scale</Arguments>
    <Description>Type: Scale</Description>
    <Scale>MB/s</Scale>
    <Proportion>HIB</Proportion>
    <DisplayFormat>BAR_GRAPH</DisplayFormat>
    <Data>
      <Entry>
        <Identifier>stream-run-8</Identifier>
        <Value>10734.93</Value>
        <RawString>8260.7:6806.5:20676.9:8192.5:8154.1:20679.4:6839.1:10243.3:6761.9</RawString>
        <JSON>{"compiler-options":{"compiler-type":"CC","compiler":"gcc","compiler-options":"-O3 -march=native -fopenmp"}}</JSON>
      </Entry>
    </Data>
  </Result>
  <Result>
    <Identifier>pts/stream-1.2.0</Identifier>
    <Title>Stream</Title>
    <AppVersion>2013-01-17</AppVersion>
    <Arguments>Triad</Arguments>
    <Description>Type: Triad</Description>
    <Scale>MB/s</Scale>
    <Proportion>HIB</Proportion>
    <DisplayFormat>BAR_GRAPH</DisplayFormat>
    <Data>
      <Entry>
        <Identifier>stream-run-8</Identifier>
        <Value>8826.06</Value>
        <RawString>8711.4:8760.7:8704.8:8885.6:8989.5:8747.3:8939.2:8732.7:8963.3</RawString>
        <JSON>{"compiler-options":{"compiler-type":"CC","compiler":"gcc","compiler-options":"-O3 -march=native -fopenmp"}}</JSON>
      </Entry>
    </Data>
  </Result>
  <Result>
    <Identifier>pts/stream-1.2.0</Identifier>
    <Title>Stream</Title>
    <AppVersion>2013-01-17</AppVersion>
    <Arguments>Add</Arguments>
    <Description>Type: Add</Description>
    <Scale>MB/s</Scale>
    <Proportion>HIB</Proportion>
    <DisplayFormat>BAR_GRAPH</DisplayFormat>
    <Data>
      <Entry>
        <Identifier>stream-run-8</Identifier>
        <Value>8394.34</Value>
        <RawString>8806.4:8652.1:8683.4:8940.9:6248.7:8983.4:6870.9:8953.6:8851.8:8952.2</RawString>
        <JSON>{"compiler-options":{"compiler-type":"CC","compiler":"gcc","compiler-options":"-O3 -march=native -fopenmp"}}</JSON>
      </Entry>
    </Data>
  </Result>
</PhoronixTestSuite>
