<?xml version="1.0"?>
<!--Phoronix Test Suite v5.6.0 (Dedilovo)-->
<?xml-stylesheet type="text/xsl" href="pts-results-viewer.xsl"?>
<PhoronixTestSuite>
  <Generated>
    <Title>stream-bench</Title>
    <LastModified>2015-05-12 02:13:45</LastModified>
    <TestClient>Phoronix Test Suite v5.6.0 (Dedilovo)</TestClient>
    <Description>Running pts/stream-1.2.0 via the Phoronix Test Suite.</Description>
    <PreSetEnvironmentVariables></PreSetEnvironmentVariables>
  </Generated>
  <System>
    <Identifier>stream-run-6</Identifier>
    <Hardware>Processor: Intel Xeon E5-2670 v2 @ 2.50GHz (1 Core), Motherboard: Xen HVM domU, Chipset: Intel 440FX- 82441FX PMC, Memory: 2048MB, Disk: 25GB, Graphics: Cirrus Logic GD 5446</Hardware>
    <Software>OS: Ubuntu 14.04, Kernel: 3.13.0-48-generic (x86_64), Compiler: GCC 4.8.2, File-System: ext4, System Layer: Xen HVM domU 4.2.amazon</Software>
    <User>ubuntu</User>
    <TimeStamp>2015-05-12 02:13:45</TimeStamp>
    <TestClientVersion>5.6.0</TestClientVersion>
    <Notes></Notes>
    <JSON>{"compiler-configuration":"--build=x86_64-linux-gnu --disable-browser-plugin --disable-libmudflap --disable-werror --enable-checking=release --enable-clocale=gnu --enable-gnu-unique-object --enable-gtk-cairo --enable-java-awt=gtk --enable-java-home --enable-languages=c,c++,java,go,d,fortran,objc,obj-c++ --enable-libstdcxx-debug --enable-libstdcxx-time=yes --enable-multiarch --enable-nls --enable-objc-gc --enable-plugin --enable-shared --enable-threads=posix --host=x86_64-linux-gnu --target=x86_64-linux-gnu --with-abi=m64 --with-arch-32=i686 --with-arch-directory=amd64 --with-multilib-list=m32,m64,mx32 --with-tune=generic -v"}</JSON>
  </System>
  <Result>
    <Identifier>pts/stream-1.2.0</Identifier>
    <Title>Stream</Title>
    <AppVersion>2013-01-17</AppVersion>
    <Arguments>Copy</Arguments>
    <Description>Type: Copy</Description>
    <Scale>MB/s</Scale>
    <Proportion>HIB</Proportion>
    <DisplayFormat>BAR_GRAPH</DisplayFormat>
    <Data>
      <Entry>
        <Identifier>stream-run-6</Identifier>
        <Value>4334.18</Value>
        <RawString>3798.8:5398.6:3814.8:3789.4:3779.5:4683.7:4627.6:4196.3:3804.8:4673.9:3775:4654.2:4674.3:5323.6:4685.5:3790.6:3784.7:4144:4617.1:4667.2</RawString>
        <JSON>{"compiler-options":{"compiler-type":"CC","compiler":"gcc","compiler-options":"-O3 -march=native -fopenmp"}}</JSON>
      </Entry>
    </Data>
  </Result>
  <Result>
    <Identifier>pts/stream-1.2.0</Identifier>
    <Title>Stream</Title>
    <AppVersion>2013-01-17</AppVersion>
    <Arguments>Scale</Arguments>
    <Description>Type: Scale</Description>
    <Scale>MB/s</Scale>
    <Proportion>HIB</Proportion>
    <DisplayFormat>BAR_GRAPH</DisplayFormat>
    <Data>
      <Entry>
        <Identifier>stream-run-6</Identifier>
        <Value>4424.24</Value>
        <RawString>4710.8:4627.6:4734.7:4719.2:3796.2:3177.6:3803.2:5284.5:4699.2:4689.4</RawString>
        <JSON>{"compiler-options":{"compiler-type":"CC","compiler":"gcc","compiler-options":"-O3 -march=native -fopenmp"}}</JSON>
      </Entry>
    </Data>
  </Result>
  <Result>
    <Identifier>pts/stream-1.2.0</Identifier>
    <Title>Stream</Title>
    <AppVersion>2013-01-17</AppVersion>
    <Arguments>Triad</Arguments>
    <Description>Type: Triad</Description>
    <Scale>MB/s</Scale>
    <Proportion>HIB</Proportion>
    <DisplayFormat>BAR_GRAPH</DisplayFormat>
    <Data>
      <Entry>
        <Identifier>stream-run-6</Identifier>
        <Value>4005.73</Value>
        <RawString>4959.5:3917.8:4232.8:3966.7:3970.6:3689.4:3931.8:3940.4:3726.4:3721.9</RawString>
        <JSON>{"compiler-options":{"compiler-type":"CC","compiler":"gcc","compiler-options":"-O3 -march=native -fopenmp"}}</JSON>
      </Entry>
    </Data>
  </Result>
  <Result>
    <Identifier>pts/stream-1.2.0</Identifier>
    <Title>Stream</Title>
    <AppVersion>2013-01-17</AppVersion>
    <Arguments>Add</Arguments>
    <Description>Type: Add</Description>
    <Scale>MB/s</Scale>
    <Proportion>HIB</Proportion>
    <DisplayFormat>BAR_GRAPH</DisplayFormat>
    <Data>
      <Entry>
        <Identifier>stream-run-6</Identifier>
        <Value>3891.90</Value>
        <RawString>3712.2:3947.2:3958.6:4224.2:4201.9:3949.4:3680.6:3664.4:3688.6</RawString>
        <JSON>{"compiler-options":{"compiler-type":"CC","compiler":"gcc","compiler-options":"-O3 -march=native -fopenmp"}}</JSON>
      </Entry>
    </Data>
  </Result>
</PhoronixTestSuite>
